<?xml version="1.0" encoding="UTF-8"?>
<testng-results ignored="0" total="2" passed="2" failed="0" skipped="0">
  <reporter-output>
  </reporter-output>
  <suite started-at="2024-04-04T13:44:39 IST" name="Default suite" finished-at="2024-04-04T13:45:02 IST" duration-ms="22424">
    <groups>
    </groups>
    <test started-at="2024-04-04T13:44:39 IST" name="Default test" finished-at="2024-04-04T13:45:02 IST" duration-ms="22424">
      <class name="com.banking.scripts.SmpleTestNG">
        <test-method is-config="true" signature="xyz()[pri:0, instance:com.banking.scripts.SmpleTestNG@1ce24091]" started-at="2024-04-04T13:44:39 IST" name="xyz" finished-at="2024-04-04T13:44:51 IST" duration-ms="11514" status="PASS">
          <reporter-output>
          </reporter-output>
        </test-method> <!-- xyz -->
        <test-method signature="bcd()[pri:1, instance:com.banking.scripts.SmpleTestNG@1ce24091]" started-at="2024-04-04T13:44:51 IST" name="bcd" finished-at="2024-04-04T13:44:56 IST" duration-ms="4593" status="PASS">
          <reporter-output>
          </reporter-output>
        </test-method> <!-- bcd -->
        <test-method signature="abc()[pri:2, instance:com.banking.scripts.SmpleTestNG@1ce24091]" started-at="2024-04-04T13:44:56 IST" name="abc" finished-at="2024-04-04T13:45:00 IST" duration-ms="4405" status="PASS">
          <reporter-output>
          </reporter-output>
        </test-method> <!-- abc -->
        <test-method is-config="true" signature="pqr()[pri:0, instance:com.banking.scripts.SmpleTestNG@1ce24091]" started-at="2024-04-04T13:45:00 IST" name="pqr" finished-at="2024-04-04T13:45:02 IST" duration-ms="1758" status="PASS">
          <reporter-output>
          </reporter-output>
        </test-method> <!-- pqr -->
      </class> <!-- com.banking.scripts.SmpleTestNG -->
    </test> <!-- Default test -->
  </suite> <!-- Default suite -->
</testng-results>
